<?xml version="1.0" encoding="UTF-8"?>
<testng-results total="1" passed="1" failed="0" skipped="0">
  <reporter-output>
    <line>
      <![CDATA[No of rows are::8]]>
    </line>
  </reporter-output>
  <suite started-at="2023-07-13T13:55:37Z" name="Default suite" finished-at="2023-07-13T13:56:01Z" duration-ms="23941">
    <groups>
    </groups>
    <test started-at="2023-07-13T13:55:37Z" name="Default test" finished-at="2023-07-13T13:56:01Z" duration-ms="23941">
      <class name="driverFactory.DriverScript">
        <test-method is-config="true" signature="setUp()[pri:0, instance:driverFactory.DriverScript@29526c05]" started-at="2023-07-13T19:25:37Z" name="setUp" finished-at="2023-07-13T19:25:40Z" duration-ms="2755" status="PASS">
          <reporter-output>
          </reporter-output>
        </test-method> <!-- setUp -->
        <test-method signature="startTest()[pri:0, instance:driverFactory.DriverScript@29526c05]" started-at="2023-07-13T19:25:40Z" name="startTest" finished-at="2023-07-13T19:26:00Z" duration-ms="20400" status="PASS">
          <reporter-output>
            <line>
              <![CDATA[No of rows are::8]]>
            </line>
          </reporter-output>
        </test-method> <!-- startTest -->
        <test-method is-config="true" signature="tearDown()[pri:0, instance:driverFactory.DriverScript@29526c05]" started-at="2023-07-13T19:26:00Z" name="tearDown" finished-at="2023-07-13T19:26:01Z" duration-ms="731" status="PASS">
          <reporter-output>
          </reporter-output>
        </test-method> <!-- tearDown -->
      </class> <!-- driverFactory.DriverScript -->
    </test> <!-- Default test -->
  </suite> <!-- Default suite -->
</testng-results>
